Traceback (most recent call last):
  File "/opt/anaconda3/lib/python3.12/site-packages/jupyter_cache/executors/utils.py", line 58, in single_nb_execution
    executenb(
  File "/opt/anaconda3/lib/python3.12/site-packages/nbclient/client.py", line 1305, in execute
    return NotebookClient(nb=nb, resources=resources, km=km, **kwargs).execute()
           ^^^^^^^^^^^^^^^^^^^^^^^^^^^^^^^^^^^^^^^^^^^^^^^^^^^^^^^^^^^^^^^^^^^^^
  File "/opt/anaconda3/lib/python3.12/site-packages/jupyter_core/utils/__init__.py", line 165, in wrapped
    return loop.run_until_complete(inner)
           ^^^^^^^^^^^^^^^^^^^^^^^^^^^^^^
  File "/opt/anaconda3/lib/python3.12/asyncio/base_events.py", line 685, in run_until_complete
    return future.result()
           ^^^^^^^^^^^^^^^
  File "/opt/anaconda3/lib/python3.12/site-packages/nbclient/client.py", line 705, in async_execute
    await self.async_execute_cell(
  File "/opt/anaconda3/lib/python3.12/site-packages/nbclient/client.py", line 1058, in async_execute_cell
    await self._check_raise_for_error(cell, cell_index, exec_reply)
  File "/opt/anaconda3/lib/python3.12/site-packages/nbclient/client.py", line 914, in _check_raise_for_error
    raise CellExecutionError.from_cell_and_msg(cell, exec_reply_content)
nbclient.exceptions.CellExecutionError: An error occurred while executing the following cell:
------------------
pip install pandas geopy
from geopy.distance import geodesic
import pandas as pd

# Example: Coordinates of your house
home_coords = (41.8240, -71.4128)  # Replace with your home's latitude and longitude

# Example: School locations (latitude, longitude)
data = {
    'School': ['School A', 'School B', 'School C'],
    'Latitude': [41.8201, 41.8215, 41.8250],
    'Longitude': [-71.4153, -71.4145, -71.4102]
}

# Create a DataFrame
schools = pd.DataFrame(data)

# Calculate distances to each school
schools['Distance (km)'] = schools.apply(
    lambda row: geodesic(home_coords, (row['Latitude'], row['Longitude'])).km, axis=1
)

# Sort by distance
schools = schools.sort_values('Distance (km)')

# Print results
print(schools[['School', 'Distance (km)']])
------------------


[0;36m  Cell [0;32mIn[1], line 1[0;36m[0m
[0;31m    pip install pandas geopy[0m
[0m        ^[0m
[0;31mSyntaxError[0m[0;31m:[0m invalid syntax


